10:02:05.081 [main] DEBUG com.intuit.karate.Suite - [config] classpath:karate-config.js
10:02:05.105 [main] INFO  c.intuit.karate.core.FeatureRuntime - found scenario at line: 10 - ^Get all tags$
10:02:05.712 [main] ERROR com.intuit.karate - scenario [run] failed
>>>> js failed:
01: (function fn() {
02:   var env = karate.env; // get system property 'karate.env'
03:   karate.log('karate.env system property was:', env);
04:   if (!env) {
05:     env = 'dev';
06:   }
07:   var config = {
08:     apiUrl: 'https://conduit.productionready.io/api/'
09:     chanel: 'SVN'
10:   }
11:   if (env == 'dev') {
12:     config.userEmail = 'karate@testcr.com'
13:     config.userPassword = 'karate123'
14:   } else if (env == 'qa') {
15:         config.userEmail = 'karate2@test.com'
16:         config.userPassword = 'karate456'
17:   }
18:   var accessToken = karate.callSingle('classpath:/helpers/get_token.feature',config).authToken
19:   karate.configure('headers', {Authorization:'Token ' + accessToken})
20:   return config;
21: })
<<<<
org.graalvm.polyglot.PolyglotException: SyntaxError: Unnamed:9:4 Expected comma but found ident
    chanel: 'SVN'
    ^
Unnamed:11:2 Expected ) but found if
  if (env == 'dev') {
  ^
Unnamed:14:2 Expected eof but found }
  } else if (env == 'qa') {
  ^

- org.graalvm.polyglot.Context.eval(Context.java:373)
- com.intuit.karate.graal.JsEngine.evalForValue(JsEngine.java:121)
- com.intuit.karate.graal.JsEngine.eval(JsEngine.java:117)
- com.intuit.karate.core.ScenarioEngine.evalJs(ScenarioEngine.java:1171)
- com.intuit.karate.core.ScenarioRuntime.evalConfigJs(ScenarioRuntime.java:288)
- com.intuit.karate.core.ScenarioRuntime.beforeRun(ScenarioRuntime.java:363)
- com.intuit.karate.core.ScenarioRuntime.run(ScenarioRuntime.java:389)

10:02:06.336 [main] INFO  com.intuit.karate.Suite - <<fail>> feature 1 of 1 (0 remaining) src/test/java/conduitApp/feature/home_page.feature
10:02:40.180 [main] DEBUG com.intuit.karate.Suite - [config] classpath:karate-config.js
10:02:40.186 [main] INFO  com.intuit.karate.Suite - backed up existing 'target\karate-reports' dir to: target\karate-reports_1694530960186
10:02:40.206 [main] INFO  c.intuit.karate.core.FeatureRuntime - found scenario at line: 10 - ^Get all tags$
10:02:40.869 [main] INFO  com.intuit.karate - karate.env system property was: null 
10:02:40.881 [main] INFO  com.intuit.karate - >> lock acquired, begin callSingle: classpath:/helpers/get_token.feature
10:02:41.662 [main] DEBUG com.intuit.karate - request:
1 > POST https://conduit.productionready.io/api/users/login
1 > Content-Type: application/json; charset=UTF-8
1 > Content-Length: 61
1 > Host: conduit.productionready.io
1 > Connection: Keep-Alive
1 > User-Agent: Apache-HttpClient/4.5.13 (Java/11.0.18)
1 > Accept-Encoding: gzip,deflate
{"user":{"password":"karate123","email":"karate@testcr.com"}}

10:02:42.518 [main] DEBUG com.intuit.karate - request:
2 > POST https://conduit.productionready.io/api/users/login
2 > Content-Type: application/json; charset=UTF-8
2 > Content-Length: 61
2 > Host: api.realworld.io
2 > Connection: Keep-Alive
2 > User-Agent: Apache-HttpClient/4.5.13 (Java/11.0.18)
2 > Accept-Encoding: gzip,deflate
{"user":{"password":"karate123","email":"karate@testcr.com"}}

10:02:43.486 [main] DEBUG com.intuit.karate - response time in milliseconds: 966
2 < 200
2 < Date: Tue, 12 Sep 2023 15:02:46 GMT
2 < Content-Type: application/json; charset=utf-8
2 < Transfer-Encoding: chunked
2 < Connection: keep-alive
2 < X-Powered-By: Express
2 < Access-Control-Allow-Origin: *
2 < Etag: W/"15d-ozgtfZUTIXKflaSuGX0h0TWCBXc"
2 < Via: 1.1 vegur
2 < CF-Cache-Status: DYNAMIC
2 < Report-To: {"endpoints":[{"url":"https:\/\/a.nel.cloudflare.com\/report\/v3?s=bwh61JSSw6JuK7kW72yMy5yif8cXnTpOZkzNERn2tvwOwsE2npzSW%2FOKDO0GvdHhso%2BC7RAVYejn3bZAUODQVHL62iP6lNb9UMiiGwPs9x%2FVm9SdRWAMiHbpXNIg85xInEef"}],"group":"cf-nel","max_age":604800}
2 < NEL: {"success_fraction":0,"report_to":"cf-nel","max_age":604800}
2 < Server: cloudflare
2 < CF-RAY: 80590888a9bc31d1-MIA
2 < alt-svc: h3=":443"; ma=86400
{"user":{"image":"https:\/\/api.realworld.io\/images\/smiley-cyrus.jpeg","bio":null,"email":"karate@testcr.com","username":"karateCR","token":"eyJhbGciOiJIUzI1NiIsInR5cCI6IkpXVCJ9.eyJ1c2VyIjp7ImVtYWlsIjoia2FyYXRlQHRlc3Rjci5jb20iLCJ1c2VybmFtZSI6ImthcmF0ZUNSIn0sImlhdCI6MTY5NDUzMDk2NiwiZXhwIjoxNjk5NzE0OTY2fQ.lEmq5H3vl3DgvJlo0OhyTFuqL8swOZAxlt7XtnX_Ikk"}}
10:02:43.491 [main] INFO  com.intuit.karate - << lock released, cached callSingle: classpath:/helpers/get_token.feature
10:02:43.497 [main] INFO  com.intuit.karate - [print] SVN 
10:02:43.499 [main] DEBUG com.intuit.karate - request:
1 > GET https://conduit.productionready.io/api/tags
1 > Authorization: Token eyJhbGciOiJIUzI1NiIsInR5cCI6IkpXVCJ9.eyJ1c2VyIjp7ImVtYWlsIjoia2FyYXRlQHRlc3Rjci5jb20iLCJ1c2VybmFtZSI6ImthcmF0ZUNSIn0sImlhdCI6MTY5NDUzMDk2NiwiZXhwIjoxNjk5NzE0OTY2fQ.lEmq5H3vl3DgvJlo0OhyTFuqL8swOZAxlt7XtnX_Ikk
1 > Host: conduit.productionready.io
1 > Connection: Keep-Alive
1 > User-Agent: Apache-HttpClient/4.5.13 (Java/11.0.18)
1 > Accept-Encoding: gzip,deflate


10:02:43.848 [main] DEBUG com.intuit.karate - request:
2 > GET https://conduit.productionready.io/api/tags
2 > Authorization: Token eyJhbGciOiJIUzI1NiIsInR5cCI6IkpXVCJ9.eyJ1c2VyIjp7ImVtYWlsIjoia2FyYXRlQHRlc3Rjci5jb20iLCJ1c2VybmFtZSI6ImthcmF0ZUNSIn0sImlhdCI6MTY5NDUzMDk2NiwiZXhwIjoxNjk5NzE0OTY2fQ.lEmq5H3vl3DgvJlo0OhyTFuqL8swOZAxlt7XtnX_Ikk
2 > Host: api.realworld.io
2 > Connection: Keep-Alive
2 > User-Agent: Apache-HttpClient/4.5.13 (Java/11.0.18)
2 > Accept-Encoding: gzip,deflate


10:02:44.528 [main] DEBUG com.intuit.karate - response time in milliseconds: 679
2 < 200
2 < Date: Tue, 12 Sep 2023 15:02:47 GMT
2 < Content-Type: application/json; charset=utf-8
2 < Transfer-Encoding: chunked
2 < Connection: keep-alive
2 < X-Powered-By: Express
2 < Access-Control-Allow-Origin: *
2 < Etag: W/"76-JNoQ7jScO0YBsIzJuQiyDpRcKAI"
2 < Via: 1.1 vegur
2 < CF-Cache-Status: DYNAMIC
2 < Report-To: {"endpoints":[{"url":"https:\/\/a.nel.cloudflare.com\/report\/v3?s=NCiOLNoQPbSYOYIB0G5atQQEeUzKFZRuDv6jBi65EusOUZjCoz5mJ72RkFEuCJrG7jrpX3DQonYYX3a2kjUATtNHo0zV8mV0NdslAs9sx5b8pZTRQRCvVIJPn10ph0np2l2M"}],"group":"cf-nel","max_age":604800}
2 < NEL: {"success_fraction":0,"report_to":"cf-nel","max_age":604800}
2 < Server: cloudflare
2 < CF-RAY: 8059088decb3b3df-MIA
2 < alt-svc: h3=":443"; ma=86400
{"tags":["welcome","implementations","introduction","codebaseShow","ipsum","qui","cupiditate","et","quia","deserunt"]}
10:02:45.022 [main] INFO  com.intuit.karate.Suite - <<pass>> feature 1 of 1 (0 remaining) src/test/java/conduitApp/feature/home_page.feature
09:31:22.253 [main] DEBUG com.intuit.karate.Suite - [config] classpath:karate-config.js
09:31:22.274 [main] INFO  com.intuit.karate.Suite - backed up existing 'target\karate-reports' dir to: target\karate-reports_1699540282271
09:31:22.384 [main] INFO  c.intuit.karate.core.FeatureRuntime - found scenario at line: 10 - ^Get all tags$
09:31:26.689 [main] INFO  com.intuit.karate - karate.env system property was: null 
09:31:26.774 [main] INFO  com.intuit.karate - >> lock acquired, begin callSingle: classpath:/helpers/get_token.feature
09:31:35.181 [main] DEBUG com.intuit.karate - request:
1 > POST https://conduit.productionready.io/api/users/login
1 > Content-Type: application/json; charset=UTF-8
1 > Content-Length: 61
1 > Host: conduit.productionready.io
1 > Connection: Keep-Alive
1 > User-Agent: Apache-HttpClient/4.5.13 (Java/11.0.18)
1 > Accept-Encoding: gzip,deflate
{"user":{"password":"karate123","email":"karate@testcr.com"}}

09:31:36.545 [main] DEBUG com.intuit.karate - request:
2 > POST https://conduit.productionready.io/api/users/login
2 > Content-Type: application/json; charset=UTF-8
2 > Content-Length: 61
2 > Host: api.realworld.io
2 > Connection: Keep-Alive
2 > User-Agent: Apache-HttpClient/4.5.13 (Java/11.0.18)
2 > Accept-Encoding: gzip,deflate
{"user":{"password":"karate123","email":"karate@testcr.com"}}

09:31:37.285 [main] DEBUG com.intuit.karate - response time in milliseconds: 728
2 < 200
2 < Date: Thu, 09 Nov 2023 14:31:37 GMT
2 < Content-Type: application/json; charset=utf-8
2 < Transfer-Encoding: chunked
2 < Connection: keep-alive
2 < Report-To: {"group":"heroku-nel","max_age":3600,"endpoints":[{"url":"https://nel.heroku.com/reports?ts=1699540297&sid=c46efe9b-d3d2-4a0c-8c76-bfafa16c5add&s=syeajeHvWSpkRAXd%2FuFn68hWjdD3LdCUb71WzqEIuBQ%3D"}]}
2 < Reporting-Endpoints: heroku-nel=https://nel.heroku.com/reports?ts=1699540297&sid=c46efe9b-d3d2-4a0c-8c76-bfafa16c5add&s=syeajeHvWSpkRAXd%2FuFn68hWjdD3LdCUb71WzqEIuBQ%3D
2 < Nel: {"report_to":"heroku-nel","max_age":3600,"success_fraction":0.005,"failure_fraction":0.05,"response_headers":["Via"]}
2 < X-Powered-By: Express
2 < Access-Control-Allow-Origin: *
2 < Etag: W/"15d-O80hKnAr3Opbs0iUMTZxuUc8fXk"
2 < Via: 1.1 vegur
2 < CF-Cache-Status: DYNAMIC
2 < Server: cloudflare
2 < CF-RAY: 8236c2ad0a24259d-MIA
2 < alt-svc: h3=":443"; ma=86400
{"user":{"image":"https:\/\/api.realworld.io\/images\/smiley-cyrus.jpeg","bio":null,"email":"karate@testcr.com","username":"karateCR","token":"eyJhbGciOiJIUzI1NiIsInR5cCI6IkpXVCJ9.eyJ1c2VyIjp7ImVtYWlsIjoia2FyYXRlQHRlc3Rjci5jb20iLCJ1c2VybmFtZSI6ImthcmF0ZUNSIn0sImlhdCI6MTY5OTU0MDI5NywiZXhwIjoxNzA0NzI0Mjk3fQ.QrSJn6qcVS6Lyv513aOEhkS0fP2p8nMLIw7KCHz4HtQ"}}
09:31:37.321 [main] INFO  com.intuit.karate - << lock released, cached callSingle: classpath:/helpers/get_token.feature
09:31:37.407 [main] INFO  com.intuit.karate - [print] SVN 
09:31:37.418 [main] DEBUG com.intuit.karate - request:
1 > GET https://conduit.productionready.io/api/tags
1 > Authorization: Token eyJhbGciOiJIUzI1NiIsInR5cCI6IkpXVCJ9.eyJ1c2VyIjp7ImVtYWlsIjoia2FyYXRlQHRlc3Rjci5jb20iLCJ1c2VybmFtZSI6ImthcmF0ZUNSIn0sImlhdCI6MTY5OTU0MDI5NywiZXhwIjoxNzA0NzI0Mjk3fQ.QrSJn6qcVS6Lyv513aOEhkS0fP2p8nMLIw7KCHz4HtQ
1 > Host: conduit.productionready.io
1 > Connection: Keep-Alive
1 > User-Agent: Apache-HttpClient/4.5.13 (Java/11.0.18)
1 > Accept-Encoding: gzip,deflate


09:31:37.673 [main] DEBUG com.intuit.karate - request:
2 > GET https://conduit.productionready.io/api/tags
2 > Authorization: Token eyJhbGciOiJIUzI1NiIsInR5cCI6IkpXVCJ9.eyJ1c2VyIjp7ImVtYWlsIjoia2FyYXRlQHRlc3Rjci5jb20iLCJ1c2VybmFtZSI6ImthcmF0ZUNSIn0sImlhdCI6MTY5OTU0MDI5NywiZXhwIjoxNzA0NzI0Mjk3fQ.QrSJn6qcVS6Lyv513aOEhkS0fP2p8nMLIw7KCHz4HtQ
2 > Host: api.realworld.io
2 > Connection: Keep-Alive
2 > User-Agent: Apache-HttpClient/4.5.13 (Java/11.0.18)
2 > Accept-Encoding: gzip,deflate


09:31:38.357 [main] DEBUG com.intuit.karate - response time in milliseconds: 682
2 < 200
2 < Date: Thu, 09 Nov 2023 14:31:39 GMT
2 < Content-Type: application/json; charset=utf-8
2 < Transfer-Encoding: chunked
2 < Connection: keep-alive
2 < X-Powered-By: Express
2 < Access-Control-Allow-Origin: *
2 < Etag: W/"76-JNoQ7jScO0YBsIzJuQiyDpRcKAI"
2 < Via: 1.1 vegur
2 < CF-Cache-Status: DYNAMIC
2 < Report-To: {"endpoints":[{"url":"https:\/\/a.nel.cloudflare.com\/report\/v3?s=f9zI%2FyDm8BCZJR8CDpF3mKyeopdkcDHW8Kk5LrCYr09G95buOaiX27scIpuPuB1my1Rgy7Kj1T%2BXf6MLq2U6gavU1xhB92xwajJhdfPbW73QJs8O3vJm0MKberoPfJnIE2hS"}],"group":"cf-nel","max_age":604800}
2 < NEL: {"success_fraction":0,"report_to":"cf-nel","max_age":604800}
2 < Server: cloudflare
2 < CF-RAY: 8236c2b23fbd1277-MIA
2 < alt-svc: h3=":443"; ma=86400
{"tags":["welcome","implementations","introduction","codebaseShow","ipsum","qui","cupiditate","et","quia","deserunt"]}
09:31:40.741 [main] INFO  com.intuit.karate.Suite - <<pass>> feature 1 of 1 (0 remaining) src/test/java/conduitApp/feature/home_page.feature
16:49:23.758 [main] DEBUG com.intuit.karate.Suite - [config] classpath:karate-config.js
16:49:23.762 [main] INFO  com.intuit.karate.Suite - backed up existing 'target\karate-reports' dir to: target\karate-reports_1703195363761
16:49:23.780 [main] INFO  c.intuit.karate.core.FeatureRuntime - found scenario at line: 22 - ^Get 10 articles in the home page$
16:49:24.520 [main] INFO  com.intuit.karate - karate.env system property was: null 
16:49:24.534 [main] INFO  com.intuit.karate - >> lock acquired, begin callSingle: classpath:/helpers/get_token.feature
16:49:25.519 [main] DEBUG com.intuit.karate - request:
1 > POST https://conduit.productionready.io/api/users/login
1 > Content-Type: application/json; charset=UTF-8
1 > Content-Length: 61
1 > Host: conduit.productionready.io
1 > Connection: Keep-Alive
1 > User-Agent: Apache-HttpClient/4.5.13 (Java/11.0.18)
1 > Accept-Encoding: gzip,deflate
{"user":{"password":"karate123","email":"karate@testcr.com"}}

16:49:26.424 [main] DEBUG com.intuit.karate - request:
2 > POST https://conduit.productionready.io/api/users/login
2 > Content-Type: application/json; charset=UTF-8
2 > Content-Length: 61
2 > Host: api.realworld.io
2 > Connection: Keep-Alive
2 > User-Agent: Apache-HttpClient/4.5.13 (Java/11.0.18)
2 > Accept-Encoding: gzip,deflate
{"user":{"password":"karate123","email":"karate@testcr.com"}}

16:49:28.120 [main] DEBUG com.intuit.karate - response time in milliseconds: 1695
2 < 200
2 < Date: Thu, 21 Dec 2023 21:49:30 GMT
2 < Content-Type: application/json; charset=utf-8
2 < Transfer-Encoding: chunked
2 < Connection: keep-alive
2 < Report-To: {"group":"heroku-nel","max_age":3600,"endpoints":[{"url":"https://nel.heroku.com/reports?ts=1703195370&sid=c46efe9b-d3d2-4a0c-8c76-bfafa16c5add&s=Wzu2b7cvKiTL3mQcjcGJ2C8sU%2B6dbO%2BClMwwmYNSqEg%3D"}]}
2 < Reporting-Endpoints: heroku-nel=https://nel.heroku.com/reports?ts=1703195370&sid=c46efe9b-d3d2-4a0c-8c76-bfafa16c5add&s=Wzu2b7cvKiTL3mQcjcGJ2C8sU%2B6dbO%2BClMwwmYNSqEg%3D
2 < Nel: {"report_to":"heroku-nel","max_age":3600,"success_fraction":0.005,"failure_fraction":0.05,"response_headers":["Via"]}
2 < X-Powered-By: Express
2 < Access-Control-Allow-Origin: *
2 < Etag: W/"15d-CVD8zCSWUYw9hDHEPGKkWqglZuI"
2 < Via: 1.1 vegur
2 < CF-Cache-Status: DYNAMIC
2 < Server: cloudflare
2 < CF-RAY: 839355db2bb9b3c5-MIA
2 < alt-svc: h3=":443"; ma=86400
{"user":{"image":"https:\/\/api.realworld.io\/images\/smiley-cyrus.jpeg","bio":null,"email":"karate@testcr.com","username":"karateCR","token":"eyJhbGciOiJIUzI1NiIsInR5cCI6IkpXVCJ9.eyJ1c2VyIjp7ImVtYWlsIjoia2FyYXRlQHRlc3Rjci5jb20iLCJ1c2VybmFtZSI6ImthcmF0ZUNSIn0sImlhdCI6MTcwMzE5NTM3MCwiZXhwIjoxNzA4Mzc5MzcwfQ.1rF8AHBPqg8g76VaCz2eUbjHGaGl36TQhLsaBYwqb4w"}}
16:49:28.125 [main] INFO  com.intuit.karate - << lock released, cached callSingle: classpath:/helpers/get_token.feature
16:49:28.131 [main] INFO  com.intuit.karate - [print] SVN 
16:49:28.142 [main] DEBUG com.intuit.karate - request:
1 > GET https://conduit.productionready.io/api/articles?offset=0&limit=10
1 > Authorization: Token eyJhbGciOiJIUzI1NiIsInR5cCI6IkpXVCJ9.eyJ1c2VyIjp7ImVtYWlsIjoia2FyYXRlQHRlc3Rjci5jb20iLCJ1c2VybmFtZSI6ImthcmF0ZUNSIn0sImlhdCI6MTcwMzE5NTM3MCwiZXhwIjoxNzA4Mzc5MzcwfQ.1rF8AHBPqg8g76VaCz2eUbjHGaGl36TQhLsaBYwqb4w
1 > Host: conduit.productionready.io
1 > Connection: Keep-Alive
1 > User-Agent: Apache-HttpClient/4.5.13 (Java/11.0.18)
1 > Accept-Encoding: gzip,deflate


16:49:28.516 [main] DEBUG com.intuit.karate - request:
2 > GET https://conduit.productionready.io/api/articles?offset=0&limit=10
2 > Authorization: Token eyJhbGciOiJIUzI1NiIsInR5cCI6IkpXVCJ9.eyJ1c2VyIjp7ImVtYWlsIjoia2FyYXRlQHRlc3Rjci5jb20iLCJ1c2VybmFtZSI6ImthcmF0ZUNSIn0sImlhdCI6MTcwMzE5NTM3MCwiZXhwIjoxNzA4Mzc5MzcwfQ.1rF8AHBPqg8g76VaCz2eUbjHGaGl36TQhLsaBYwqb4w
2 > Host: api.realworld.io
2 > Connection: Keep-Alive
2 > User-Agent: Apache-HttpClient/4.5.13 (Java/11.0.18)
2 > Accept-Encoding: gzip,deflate


16:49:31.036 [main] DEBUG com.intuit.karate - response time in milliseconds: 2518
2 < 200
2 < Date: Thu, 21 Dec 2023 21:49:32 GMT
2 < Content-Type: application/json; charset=utf-8
2 < Transfer-Encoding: chunked
2 < Connection: keep-alive
2 < Report-To: {"group":"heroku-nel","max_age":3600,"endpoints":[{"url":"https://nel.heroku.com/reports?ts=1703195372&sid=c46efe9b-d3d2-4a0c-8c76-bfafa16c5add&s=FKj6oy49LYZ1ddzu%2FhdJu%2Fsf26FjM49hK8uPIQ5FaPY%3D"}]}
2 < Reporting-Endpoints: heroku-nel=https://nel.heroku.com/reports?ts=1703195372&sid=c46efe9b-d3d2-4a0c-8c76-bfafa16c5add&s=FKj6oy49LYZ1ddzu%2FhdJu%2Fsf26FjM49hK8uPIQ5FaPY%3D
2 < Nel: {"report_to":"heroku-nel","max_age":3600,"success_fraction":0.005,"failure_fraction":0.05,"response_headers":["Via"]}
2 < X-Powered-By: Express
2 < Access-Control-Allow-Origin: *
2 < Etag: W/"fb4-Uj7J5mi3jsjLMdPeM3KLVA05DMk"
2 < Via: 1.1 vegur
2 < CF-Cache-Status: DYNAMIC
2 < Server: cloudflare
2 < CF-RAY: 839355e2e8d7497e-MIA
2 < alt-svc: h3=":443"; ma=86400
{"articlesCount":216,"articles":[{"tagList":[],"createdAt":"2023-08-28T21:32:31.555Z","author":{"image":"https:\/\/api.realworld.io\/images\/smiley-cyrus.jpeg","following":false,"bio":null,"username":"karateCR"},"description":"Tolos","title":"Koss","body":"Every flight begins with a fall.","favoritesCount":1,"slug":"Koss-220911","updatedAt":"2023-08-28T21:32:31.555Z","favorited":true},{"tagList":[],"createdAt":"2023-08-28T21:31:52.624Z","author":{"image":"https:\/\/api.realworld.io\/images\/smiley-cyrus.jpeg","following":false,"bio":null,"username":"karateCR"},"description":"Ny Sar","title":"Victaria Tyrell","body":"When you play a game of thrones you win or you die.","favoritesCount":0,"slug":"Victaria-Tyrell-220911","updatedAt":"2023-08-28T21:31:52.624Z","favorited":false},{"tagList":[],"createdAt":"2023-08-28T15:23:03.056Z","author":{"image":"https:\/\/api.realworld.io\/images\/smiley-cyrus.jpeg","following":false,"bio":null,"username":"karateCR"},"description":"Elyria","title":"Bedwyck","body":"Knowledge could be more valuable than gold, more deadly than a dagger.","favoritesCount":0,"slug":"Bedwyck-220911","updatedAt":"2023-08-28T15:23:03.056Z","favorited":false},{"tagList":[],"createdAt":"2023-08-28T15:20:58.518Z","author":{"image":"https:\/\/api.realworld.io\/images\/smiley-cyrus.jpeg","following":false,"bio":null,"username":"karateCR"},"description":"Oros","title":"Garizon","body":"There are no heroes...in life, the monsters win.","favoritesCount":0,"slug":"Garizon-220911","updatedAt":"2023-08-28T15:20:58.518Z","favorited":false},{"tagList":[],"createdAt":"2023-08-28T15:20:14.558Z","author":{"image":"https:\/\/api.realworld.io\/images\/smiley-cyrus.jpeg","following":false,"bio":null,"username":"karateCR"},"description":"Bhorash","title":"Marq Rankenfell","body":"Once you\u2019ve accepted your flaws, no one can use them against you.","favoritesCount":0,"slug":"Marq-Rankenfell-220911","updatedAt":"2023-08-28T15:20:14.558Z","favorited":false},{"tagList":[],"createdAt":"2023-08-28T15:11:40.254Z","author":{"image":"https:\/\/api.realworld.io\/images\/smiley-cyrus.jpeg","following":false,"bio":null,"username":"karateCR"},"description":"Oros","title":"Alyn Velaryon","body":"Some old wounds never truly heal, and bleed again at the slightest word.","favoritesCount":0,"slug":"Alyn-Velaryon-220911","updatedAt":"2023-08-28T15:11:40.254Z","favorited":false},{"tagList":[],"createdAt":"2023-08-28T15:06:17.662Z","author":{"image":"https:\/\/api.realworld.io\/images\/smiley-cyrus.jpeg","following":false,"bio":null,"username":"karateCR"},"description":"White Harbor","title":"Boy","body":"And so he spoke, and so he spoke, that Lord of Castamere, but now the rains weep o'er his hall, with no one there to hear. Yes, now the rains weep o'er his hall, and not a soul to hear.","favoritesCount":0,"slug":"Boy-220911","updatedAt":"2023-08-28T15:06:17.662Z","favorited":false},{"tagList":[],"createdAt":"2023-08-28T15:04:38.028Z","author":{"image":"https:\/\/api.realworld.io\/images\/smiley-cyrus.jpeg","following":false,"bio":null,"username":"karateCR"},"description":"Vaes Dothrak","title":"Eleanor Mooton","body":"Fear cuts deeper than swords.","favoritesCount":0,"slug":"Eleanor-Mooton-220911","updatedAt":"2023-08-28T15:04:38.028Z","favorited":false},{"tagList":[],"createdAt":"2023-08-28T14:53:37.509Z","author":{"image":"https:\/\/api.realworld.io\/images\/smiley-cyrus.jpeg","following":false,"bio":null,"username":"karateCR"},"description":"Norvos","title":"Maegor I Targaryen","body":"Things are not always as they seemed, much that may seem evil can be good.","favoritesCount":0,"slug":"Maegor-I-Targaryen-220911","updatedAt":"2023-08-28T14:53:37.509Z","favorited":false},{"tagList":[],"createdAt":"2023-08-28T14:52:29.900Z","author":{"image":"https:\/\/api.realworld.io\/images\/smiley-cyrus.jpeg","following":false,"bio":null,"username":"karateCR"},"description":"Tolos","title":"Garin","body":"The North remembers.","favoritesCount":0,"slug":"Garin-220911","updatedAt":"2023-08-28T14:52:29.900Z","favorited":false}]}
16:49:31.668 [main] INFO  com.intuit.karate.Suite - <<pass>> feature 1 of 1 (0 remaining) src/test/java/conduitApp/feature/home_page.feature
16:50:04.817 [main] DEBUG com.intuit.karate.Suite - [config] classpath:karate-config.js
16:50:04.823 [main] INFO  com.intuit.karate.Suite - backed up existing 'target\karate-reports' dir to: target\karate-reports_1703195404823
16:50:04.845 [main] INFO  c.intuit.karate.core.FeatureRuntime - found scenario at line: 22 - ^Get 10 articles in the home page$
16:50:05.602 [main] INFO  com.intuit.karate - karate.env system property was: null 
16:50:05.616 [main] INFO  com.intuit.karate - >> lock acquired, begin callSingle: classpath:/helpers/get_token.feature
16:50:06.491 [main] DEBUG com.intuit.karate - request:
1 > POST https://conduit.productionready.io/api/users/login
1 > Content-Type: application/json; charset=UTF-8
1 > Content-Length: 61
1 > Host: conduit.productionready.io
1 > Connection: Keep-Alive
1 > User-Agent: Apache-HttpClient/4.5.13 (Java/11.0.18)
1 > Accept-Encoding: gzip,deflate
{"user":{"password":"karate123","email":"karate@testcr.com"}}

16:50:07.301 [main] DEBUG com.intuit.karate - request:
2 > POST https://conduit.productionready.io/api/users/login
2 > Content-Type: application/json; charset=UTF-8
2 > Content-Length: 61
2 > Host: api.realworld.io
2 > Connection: Keep-Alive
2 > User-Agent: Apache-HttpClient/4.5.13 (Java/11.0.18)
2 > Accept-Encoding: gzip,deflate
{"user":{"password":"karate123","email":"karate@testcr.com"}}

16:50:08.145 [main] DEBUG com.intuit.karate - response time in milliseconds: 843
2 < 200
2 < Date: Thu, 21 Dec 2023 21:50:10 GMT
2 < Content-Type: application/json; charset=utf-8
2 < Transfer-Encoding: chunked
2 < Connection: keep-alive
2 < Report-To: {"group":"heroku-nel","max_age":3600,"endpoints":[{"url":"https://nel.heroku.com/reports?ts=1703195410&sid=c46efe9b-d3d2-4a0c-8c76-bfafa16c5add&s=QikrXBOGlcelQxjyrKkdLmlh4pTwm8ZOmKiYALE4TOk%3D"}]}
2 < Reporting-Endpoints: heroku-nel=https://nel.heroku.com/reports?ts=1703195410&sid=c46efe9b-d3d2-4a0c-8c76-bfafa16c5add&s=QikrXBOGlcelQxjyrKkdLmlh4pTwm8ZOmKiYALE4TOk%3D
2 < Nel: {"report_to":"heroku-nel","max_age":3600,"success_fraction":0.005,"failure_fraction":0.05,"response_headers":["Via"]}
2 < X-Powered-By: Express
2 < Access-Control-Allow-Origin: *
2 < Etag: W/"15d-fRbE4gkwmyNlFJHwDF/MXlRowYY"
2 < Via: 1.1 vegur
2 < CF-Cache-Status: DYNAMIC
2 < Server: cloudflare
2 < CF-RAY: 839356d54bcd67c8-MIA
2 < alt-svc: h3=":443"; ma=86400
{"user":{"image":"https:\/\/api.realworld.io\/images\/smiley-cyrus.jpeg","bio":null,"email":"karate@testcr.com","username":"karateCR","token":"eyJhbGciOiJIUzI1NiIsInR5cCI6IkpXVCJ9.eyJ1c2VyIjp7ImVtYWlsIjoia2FyYXRlQHRlc3Rjci5jb20iLCJ1c2VybmFtZSI6ImthcmF0ZUNSIn0sImlhdCI6MTcwMzE5NTQxMCwiZXhwIjoxNzA4Mzc5NDEwfQ.LK6b9jS1fRX8rYydy8dY4wFbxHbV8jXWOlB2314-Ywo"}}
16:50:08.149 [main] INFO  com.intuit.karate - << lock released, cached callSingle: classpath:/helpers/get_token.feature
16:50:08.154 [main] INFO  com.intuit.karate - [print] SVN 
16:50:08.164 [main] DEBUG com.intuit.karate - request:
1 > GET https://conduit.productionready.io/api/articles?offset=0&limit=10
1 > Authorization: Token eyJhbGciOiJIUzI1NiIsInR5cCI6IkpXVCJ9.eyJ1c2VyIjp7ImVtYWlsIjoia2FyYXRlQHRlc3Rjci5jb20iLCJ1c2VybmFtZSI6ImthcmF0ZUNSIn0sImlhdCI6MTcwMzE5NTQxMCwiZXhwIjoxNzA4Mzc5NDEwfQ.LK6b9jS1fRX8rYydy8dY4wFbxHbV8jXWOlB2314-Ywo
1 > Host: conduit.productionready.io
1 > Connection: Keep-Alive
1 > User-Agent: Apache-HttpClient/4.5.13 (Java/11.0.18)
1 > Accept-Encoding: gzip,deflate


16:50:08.445 [main] DEBUG com.intuit.karate - request:
2 > GET https://conduit.productionready.io/api/articles?offset=0&limit=10
2 > Authorization: Token eyJhbGciOiJIUzI1NiIsInR5cCI6IkpXVCJ9.eyJ1c2VyIjp7ImVtYWlsIjoia2FyYXRlQHRlc3Rjci5jb20iLCJ1c2VybmFtZSI6ImthcmF0ZUNSIn0sImlhdCI6MTcwMzE5NTQxMCwiZXhwIjoxNzA4Mzc5NDEwfQ.LK6b9jS1fRX8rYydy8dY4wFbxHbV8jXWOlB2314-Ywo
2 > Host: api.realworld.io
2 > Connection: Keep-Alive
2 > User-Agent: Apache-HttpClient/4.5.13 (Java/11.0.18)
2 > Accept-Encoding: gzip,deflate


16:50:10.515 [main] DEBUG com.intuit.karate - response time in milliseconds: 2067
2 < 200
2 < Date: Thu, 21 Dec 2023 21:50:13 GMT
2 < Content-Type: application/json; charset=utf-8
2 < Transfer-Encoding: chunked
2 < Connection: keep-alive
2 < Report-To: {"group":"heroku-nel","max_age":3600,"endpoints":[{"url":"https://nel.heroku.com/reports?ts=1703195412&sid=c46efe9b-d3d2-4a0c-8c76-bfafa16c5add&s=5iwtWJTmcuicLFcO%2FJgXPVVbfrQtfMFb2mhgxShl3vg%3D"}]}
2 < Reporting-Endpoints: heroku-nel=https://nel.heroku.com/reports?ts=1703195412&sid=c46efe9b-d3d2-4a0c-8c76-bfafa16c5add&s=5iwtWJTmcuicLFcO%2FJgXPVVbfrQtfMFb2mhgxShl3vg%3D
2 < Nel: {"report_to":"heroku-nel","max_age":3600,"success_fraction":0.005,"failure_fraction":0.05,"response_headers":["Via"]}
2 < X-Powered-By: Express
2 < Access-Control-Allow-Origin: *
2 < Etag: W/"fb4-Uj7J5mi3jsjLMdPeM3KLVA05DMk"
2 < Via: 1.1 vegur
2 < CF-Cache-Status: DYNAMIC
2 < Server: cloudflare
2 < CF-RAY: 839356e028d6287a-MIA
2 < alt-svc: h3=":443"; ma=86400
{"articlesCount":216,"articles":[{"tagList":[],"createdAt":"2023-08-28T21:32:31.555Z","author":{"image":"https:\/\/api.realworld.io\/images\/smiley-cyrus.jpeg","following":false,"bio":null,"username":"karateCR"},"description":"Tolos","title":"Koss","body":"Every flight begins with a fall.","favoritesCount":1,"slug":"Koss-220911","updatedAt":"2023-08-28T21:32:31.555Z","favorited":true},{"tagList":[],"createdAt":"2023-08-28T21:31:52.624Z","author":{"image":"https:\/\/api.realworld.io\/images\/smiley-cyrus.jpeg","following":false,"bio":null,"username":"karateCR"},"description":"Ny Sar","title":"Victaria Tyrell","body":"When you play a game of thrones you win or you die.","favoritesCount":0,"slug":"Victaria-Tyrell-220911","updatedAt":"2023-08-28T21:31:52.624Z","favorited":false},{"tagList":[],"createdAt":"2023-08-28T15:23:03.056Z","author":{"image":"https:\/\/api.realworld.io\/images\/smiley-cyrus.jpeg","following":false,"bio":null,"username":"karateCR"},"description":"Elyria","title":"Bedwyck","body":"Knowledge could be more valuable than gold, more deadly than a dagger.","favoritesCount":0,"slug":"Bedwyck-220911","updatedAt":"2023-08-28T15:23:03.056Z","favorited":false},{"tagList":[],"createdAt":"2023-08-28T15:20:58.518Z","author":{"image":"https:\/\/api.realworld.io\/images\/smiley-cyrus.jpeg","following":false,"bio":null,"username":"karateCR"},"description":"Oros","title":"Garizon","body":"There are no heroes...in life, the monsters win.","favoritesCount":0,"slug":"Garizon-220911","updatedAt":"2023-08-28T15:20:58.518Z","favorited":false},{"tagList":[],"createdAt":"2023-08-28T15:20:14.558Z","author":{"image":"https:\/\/api.realworld.io\/images\/smiley-cyrus.jpeg","following":false,"bio":null,"username":"karateCR"},"description":"Bhorash","title":"Marq Rankenfell","body":"Once you\u2019ve accepted your flaws, no one can use them against you.","favoritesCount":0,"slug":"Marq-Rankenfell-220911","updatedAt":"2023-08-28T15:20:14.558Z","favorited":false},{"tagList":[],"createdAt":"2023-08-28T15:11:40.254Z","author":{"image":"https:\/\/api.realworld.io\/images\/smiley-cyrus.jpeg","following":false,"bio":null,"username":"karateCR"},"description":"Oros","title":"Alyn Velaryon","body":"Some old wounds never truly heal, and bleed again at the slightest word.","favoritesCount":0,"slug":"Alyn-Velaryon-220911","updatedAt":"2023-08-28T15:11:40.254Z","favorited":false},{"tagList":[],"createdAt":"2023-08-28T15:06:17.662Z","author":{"image":"https:\/\/api.realworld.io\/images\/smiley-cyrus.jpeg","following":false,"bio":null,"username":"karateCR"},"description":"White Harbor","title":"Boy","body":"And so he spoke, and so he spoke, that Lord of Castamere, but now the rains weep o'er his hall, with no one there to hear. Yes, now the rains weep o'er his hall, and not a soul to hear.","favoritesCount":0,"slug":"Boy-220911","updatedAt":"2023-08-28T15:06:17.662Z","favorited":false},{"tagList":[],"createdAt":"2023-08-28T15:04:38.028Z","author":{"image":"https:\/\/api.realworld.io\/images\/smiley-cyrus.jpeg","following":false,"bio":null,"username":"karateCR"},"description":"Vaes Dothrak","title":"Eleanor Mooton","body":"Fear cuts deeper than swords.","favoritesCount":0,"slug":"Eleanor-Mooton-220911","updatedAt":"2023-08-28T15:04:38.028Z","favorited":false},{"tagList":[],"createdAt":"2023-08-28T14:53:37.509Z","author":{"image":"https:\/\/api.realworld.io\/images\/smiley-cyrus.jpeg","following":false,"bio":null,"username":"karateCR"},"description":"Norvos","title":"Maegor I Targaryen","body":"Things are not always as they seemed, much that may seem evil can be good.","favoritesCount":0,"slug":"Maegor-I-Targaryen-220911","updatedAt":"2023-08-28T14:53:37.509Z","favorited":false},{"tagList":[],"createdAt":"2023-08-28T14:52:29.900Z","author":{"image":"https:\/\/api.realworld.io\/images\/smiley-cyrus.jpeg","following":false,"bio":null,"username":"karateCR"},"description":"Tolos","title":"Garin","body":"The North remembers.","favoritesCount":0,"slug":"Garin-220911","updatedAt":"2023-08-28T14:52:29.900Z","favorited":false}]}
16:50:11.111 [main] INFO  com.intuit.karate.Suite - <<pass>> feature 1 of 1 (0 remaining) src/test/java/conduitApp/feature/home_page.feature
16:50:40.740 [main] DEBUG com.intuit.karate.Suite - [config] classpath:karate-config.js
16:50:40.746 [main] INFO  com.intuit.karate.Suite - backed up existing 'target\karate-reports' dir to: target\karate-reports_1703195440746
16:50:40.787 [main] INFO  c.intuit.karate.core.FeatureRuntime - found scenario at line: 22 - ^Get 10 articles in the home page$
16:50:42.097 [main] INFO  com.intuit.karate - karate.env system property was: null 
16:50:42.125 [main] INFO  com.intuit.karate - >> lock acquired, begin callSingle: classpath:/helpers/get_token.feature
16:50:43.708 [main] DEBUG com.intuit.karate - request:
1 > POST https://conduit.productionready.io/api/users/login
1 > Content-Type: application/json; charset=UTF-8
1 > Content-Length: 61
1 > Host: conduit.productionready.io
1 > Connection: Keep-Alive
1 > User-Agent: Apache-HttpClient/4.5.13 (Java/11.0.18)
1 > Accept-Encoding: gzip,deflate
{"user":{"password":"karate123","email":"karate@testcr.com"}}

16:50:44.667 [main] DEBUG com.intuit.karate - request:
2 > POST https://conduit.productionready.io/api/users/login
2 > Content-Type: application/json; charset=UTF-8
2 > Content-Length: 61
2 > Host: api.realworld.io
2 > Connection: Keep-Alive
2 > User-Agent: Apache-HttpClient/4.5.13 (Java/11.0.18)
2 > Accept-Encoding: gzip,deflate
{"user":{"password":"karate123","email":"karate@testcr.com"}}

16:50:45.521 [main] DEBUG com.intuit.karate - response time in milliseconds: 852
2 < 200
2 < Date: Thu, 21 Dec 2023 21:50:48 GMT
2 < Content-Type: application/json; charset=utf-8
2 < Transfer-Encoding: chunked
2 < Connection: keep-alive
2 < Report-To: {"group":"heroku-nel","max_age":3600,"endpoints":[{"url":"https://nel.heroku.com/reports?ts=1703195448&sid=c46efe9b-d3d2-4a0c-8c76-bfafa16c5add&s=5vv8Jf3WZVrSHcD8SHwaoqIWBp7a64NJvjM0ssgcW%2Bk%3D"}]}
2 < Reporting-Endpoints: heroku-nel=https://nel.heroku.com/reports?ts=1703195448&sid=c46efe9b-d3d2-4a0c-8c76-bfafa16c5add&s=5vv8Jf3WZVrSHcD8SHwaoqIWBp7a64NJvjM0ssgcW%2Bk%3D
2 < Nel: {"report_to":"heroku-nel","max_age":3600,"success_fraction":0.005,"failure_fraction":0.05,"response_headers":["Via"]}
2 < X-Powered-By: Express
2 < Access-Control-Allow-Origin: *
2 < Etag: W/"15d-upNg+wfcgQXlWpwEYe9JfkNraSU"
2 < Via: 1.1 vegur
2 < CF-Cache-Status: DYNAMIC
2 < Server: cloudflare
2 < CF-RAY: 839357bedd0f8dd9-MIA
2 < alt-svc: h3=":443"; ma=86400
{"user":{"image":"https:\/\/api.realworld.io\/images\/smiley-cyrus.jpeg","bio":null,"email":"karate@testcr.com","username":"karateCR","token":"eyJhbGciOiJIUzI1NiIsInR5cCI6IkpXVCJ9.eyJ1c2VyIjp7ImVtYWlsIjoia2FyYXRlQHRlc3Rjci5jb20iLCJ1c2VybmFtZSI6ImthcmF0ZUNSIn0sImlhdCI6MTcwMzE5NTQ0OCwiZXhwIjoxNzA4Mzc5NDQ4fQ.ewJJSwvXMPGTt8Sr12VBU3HYD0rcxycLpDdyF3TrVoY"}}
16:50:45.527 [main] INFO  com.intuit.karate - << lock released, cached callSingle: classpath:/helpers/get_token.feature
16:50:45.535 [main] INFO  com.intuit.karate - [print] SVN 
16:50:45.547 [main] DEBUG com.intuit.karate - request:
1 > GET https://conduit.productionready.io/api/articles?offset=0&limit=10
1 > Authorization: Token eyJhbGciOiJIUzI1NiIsInR5cCI6IkpXVCJ9.eyJ1c2VyIjp7ImVtYWlsIjoia2FyYXRlQHRlc3Rjci5jb20iLCJ1c2VybmFtZSI6ImthcmF0ZUNSIn0sImlhdCI6MTcwMzE5NTQ0OCwiZXhwIjoxNzA4Mzc5NDQ4fQ.ewJJSwvXMPGTt8Sr12VBU3HYD0rcxycLpDdyF3TrVoY
1 > Host: conduit.productionready.io
1 > Connection: Keep-Alive
1 > User-Agent: Apache-HttpClient/4.5.13 (Java/11.0.18)
1 > Accept-Encoding: gzip,deflate


16:50:46.253 [main] DEBUG com.intuit.karate - request:
2 > GET https://conduit.productionready.io/api/articles?offset=0&limit=10
2 > Authorization: Token eyJhbGciOiJIUzI1NiIsInR5cCI6IkpXVCJ9.eyJ1c2VyIjp7ImVtYWlsIjoia2FyYXRlQHRlc3Rjci5jb20iLCJ1c2VybmFtZSI6ImthcmF0ZUNSIn0sImlhdCI6MTcwMzE5NTQ0OCwiZXhwIjoxNzA4Mzc5NDQ4fQ.ewJJSwvXMPGTt8Sr12VBU3HYD0rcxycLpDdyF3TrVoY
2 > Host: api.realworld.io
2 > Connection: Keep-Alive
2 > User-Agent: Apache-HttpClient/4.5.13 (Java/11.0.18)
2 > Accept-Encoding: gzip,deflate


16:50:48.057 [main] DEBUG com.intuit.karate - response time in milliseconds: 1802
2 < 200
2 < Date: Thu, 21 Dec 2023 21:50:50 GMT
2 < Content-Type: application/json; charset=utf-8
2 < Transfer-Encoding: chunked
2 < Connection: keep-alive
2 < Report-To: {"group":"heroku-nel","max_age":3600,"endpoints":[{"url":"https://nel.heroku.com/reports?ts=1703195449&sid=c46efe9b-d3d2-4a0c-8c76-bfafa16c5add&s=vNYIehKUUt2TA1lvSYWsFGZXRHtTBveyOAGiV%2BDRx7s%3D"}]}
2 < Reporting-Endpoints: heroku-nel=https://nel.heroku.com/reports?ts=1703195449&sid=c46efe9b-d3d2-4a0c-8c76-bfafa16c5add&s=vNYIehKUUt2TA1lvSYWsFGZXRHtTBveyOAGiV%2BDRx7s%3D
2 < Nel: {"report_to":"heroku-nel","max_age":3600,"success_fraction":0.005,"failure_fraction":0.05,"response_headers":["Via"]}
2 < X-Powered-By: Express
2 < Access-Control-Allow-Origin: *
2 < Etag: W/"fb4-Uj7J5mi3jsjLMdPeM3KLVA05DMk"
2 < Via: 1.1 vegur
2 < CF-Cache-Status: DYNAMIC
2 < Server: cloudflare
2 < CF-RAY: 839357c8aba03352-MIA
2 < alt-svc: h3=":443"; ma=86400
{"articlesCount":216,"articles":[{"tagList":[],"createdAt":"2023-08-28T21:32:31.555Z","author":{"image":"https:\/\/api.realworld.io\/images\/smiley-cyrus.jpeg","following":false,"bio":null,"username":"karateCR"},"description":"Tolos","title":"Koss","body":"Every flight begins with a fall.","favoritesCount":1,"slug":"Koss-220911","updatedAt":"2023-08-28T21:32:31.555Z","favorited":true},{"tagList":[],"createdAt":"2023-08-28T21:31:52.624Z","author":{"image":"https:\/\/api.realworld.io\/images\/smiley-cyrus.jpeg","following":false,"bio":null,"username":"karateCR"},"description":"Ny Sar","title":"Victaria Tyrell","body":"When you play a game of thrones you win or you die.","favoritesCount":0,"slug":"Victaria-Tyrell-220911","updatedAt":"2023-08-28T21:31:52.624Z","favorited":false},{"tagList":[],"createdAt":"2023-08-28T15:23:03.056Z","author":{"image":"https:\/\/api.realworld.io\/images\/smiley-cyrus.jpeg","following":false,"bio":null,"username":"karateCR"},"description":"Elyria","title":"Bedwyck","body":"Knowledge could be more valuable than gold, more deadly than a dagger.","favoritesCount":0,"slug":"Bedwyck-220911","updatedAt":"2023-08-28T15:23:03.056Z","favorited":false},{"tagList":[],"createdAt":"2023-08-28T15:20:58.518Z","author":{"image":"https:\/\/api.realworld.io\/images\/smiley-cyrus.jpeg","following":false,"bio":null,"username":"karateCR"},"description":"Oros","title":"Garizon","body":"There are no heroes...in life, the monsters win.","favoritesCount":0,"slug":"Garizon-220911","updatedAt":"2023-08-28T15:20:58.518Z","favorited":false},{"tagList":[],"createdAt":"2023-08-28T15:20:14.558Z","author":{"image":"https:\/\/api.realworld.io\/images\/smiley-cyrus.jpeg","following":false,"bio":null,"username":"karateCR"},"description":"Bhorash","title":"Marq Rankenfell","body":"Once you\u2019ve accepted your flaws, no one can use them against you.","favoritesCount":0,"slug":"Marq-Rankenfell-220911","updatedAt":"2023-08-28T15:20:14.558Z","favorited":false},{"tagList":[],"createdAt":"2023-08-28T15:11:40.254Z","author":{"image":"https:\/\/api.realworld.io\/images\/smiley-cyrus.jpeg","following":false,"bio":null,"username":"karateCR"},"description":"Oros","title":"Alyn Velaryon","body":"Some old wounds never truly heal, and bleed again at the slightest word.","favoritesCount":0,"slug":"Alyn-Velaryon-220911","updatedAt":"2023-08-28T15:11:40.254Z","favorited":false},{"tagList":[],"createdAt":"2023-08-28T15:06:17.662Z","author":{"image":"https:\/\/api.realworld.io\/images\/smiley-cyrus.jpeg","following":false,"bio":null,"username":"karateCR"},"description":"White Harbor","title":"Boy","body":"And so he spoke, and so he spoke, that Lord of Castamere, but now the rains weep o'er his hall, with no one there to hear. Yes, now the rains weep o'er his hall, and not a soul to hear.","favoritesCount":0,"slug":"Boy-220911","updatedAt":"2023-08-28T15:06:17.662Z","favorited":false},{"tagList":[],"createdAt":"2023-08-28T15:04:38.028Z","author":{"image":"https:\/\/api.realworld.io\/images\/smiley-cyrus.jpeg","following":false,"bio":null,"username":"karateCR"},"description":"Vaes Dothrak","title":"Eleanor Mooton","body":"Fear cuts deeper than swords.","favoritesCount":0,"slug":"Eleanor-Mooton-220911","updatedAt":"2023-08-28T15:04:38.028Z","favorited":false},{"tagList":[],"createdAt":"2023-08-28T14:53:37.509Z","author":{"image":"https:\/\/api.realworld.io\/images\/smiley-cyrus.jpeg","following":false,"bio":null,"username":"karateCR"},"description":"Norvos","title":"Maegor I Targaryen","body":"Things are not always as they seemed, much that may seem evil can be good.","favoritesCount":0,"slug":"Maegor-I-Targaryen-220911","updatedAt":"2023-08-28T14:53:37.509Z","favorited":false},{"tagList":[],"createdAt":"2023-08-28T14:52:29.900Z","author":{"image":"https:\/\/api.realworld.io\/images\/smiley-cyrus.jpeg","following":false,"bio":null,"username":"karateCR"},"description":"Tolos","title":"Garin","body":"The North remembers.","favoritesCount":0,"slug":"Garin-220911","updatedAt":"2023-08-28T14:52:29.900Z","favorited":false}]}
16:50:48.831 [main] INFO  com.intuit.karate.Suite - <<pass>> feature 1 of 1 (0 remaining) src/test/java/conduitApp/feature/home_page.feature
16:51:00.948 [main] DEBUG com.intuit.karate.Suite - [config] classpath:karate-config.js
16:51:00.957 [main] INFO  com.intuit.karate.Suite - backed up existing 'target\karate-reports' dir to: target\karate-reports_1703195460955
16:51:01.003 [main] INFO  c.intuit.karate.core.FeatureRuntime - found scenario at line: 22 - ^Get 10 articles in the home page$
16:51:02.726 [main] INFO  com.intuit.karate - karate.env system property was: null 
16:51:02.754 [main] INFO  com.intuit.karate - >> lock acquired, begin callSingle: classpath:/helpers/get_token.feature
16:51:04.662 [main] DEBUG com.intuit.karate - request:
1 > POST https://conduit.productionready.io/api/users/login
1 > Content-Type: application/json; charset=UTF-8
1 > Content-Length: 61
1 > Host: conduit.productionready.io
1 > Connection: Keep-Alive
1 > User-Agent: Apache-HttpClient/4.5.13 (Java/11.0.18)
1 > Accept-Encoding: gzip,deflate
{"user":{"password":"karate123","email":"karate@testcr.com"}}

16:51:05.933 [main] DEBUG com.intuit.karate - request:
2 > POST https://conduit.productionready.io/api/users/login
2 > Content-Type: application/json; charset=UTF-8
2 > Content-Length: 61
2 > Host: api.realworld.io
2 > Connection: Keep-Alive
2 > User-Agent: Apache-HttpClient/4.5.13 (Java/11.0.18)
2 > Accept-Encoding: gzip,deflate
{"user":{"password":"karate123","email":"karate@testcr.com"}}

16:51:06.777 [main] DEBUG com.intuit.karate - response time in milliseconds: 842
2 < 200
2 < Date: Thu, 21 Dec 2023 21:51:09 GMT
2 < Content-Type: application/json; charset=utf-8
2 < Transfer-Encoding: chunked
2 < Connection: keep-alive
2 < Report-To: {"group":"heroku-nel","max_age":3600,"endpoints":[{"url":"https://nel.heroku.com/reports?ts=1703195469&sid=c46efe9b-d3d2-4a0c-8c76-bfafa16c5add&s=sWZEzUj2YU%2BFIILDKozpNaktdhnQDhfigvIuWET6GSo%3D"}]}
2 < Reporting-Endpoints: heroku-nel=https://nel.heroku.com/reports?ts=1703195469&sid=c46efe9b-d3d2-4a0c-8c76-bfafa16c5add&s=sWZEzUj2YU%2BFIILDKozpNaktdhnQDhfigvIuWET6GSo%3D
2 < Nel: {"report_to":"heroku-nel","max_age":3600,"success_fraction":0.005,"failure_fraction":0.05,"response_headers":["Via"]}
2 < X-Powered-By: Express
2 < Access-Control-Allow-Origin: *
2 < Etag: W/"15d-ga5f9ljRNk2KEyzgfTdAxv5K0sE"
2 < Via: 1.1 vegur
2 < CF-Cache-Status: DYNAMIC
2 < Server: cloudflare
2 < CF-RAY: 83935843b8c39aef-MIA
2 < alt-svc: h3=":443"; ma=86400
{"user":{"image":"https:\/\/api.realworld.io\/images\/smiley-cyrus.jpeg","bio":null,"email":"karate@testcr.com","username":"karateCR","token":"eyJhbGciOiJIUzI1NiIsInR5cCI6IkpXVCJ9.eyJ1c2VyIjp7ImVtYWlsIjoia2FyYXRlQHRlc3Rjci5jb20iLCJ1c2VybmFtZSI6ImthcmF0ZUNSIn0sImlhdCI6MTcwMzE5NTQ2OSwiZXhwIjoxNzA4Mzc5NDY5fQ.hs-iGYTTdgtsZ6Ehz6HUR5YBIV3GFfc-QeEoC7P5InA"}}
16:51:06.783 [main] INFO  com.intuit.karate - << lock released, cached callSingle: classpath:/helpers/get_token.feature
16:51:06.790 [main] INFO  com.intuit.karate - [print] SVN 
16:51:06.799 [main] DEBUG com.intuit.karate - request:
1 > GET https://conduit.productionready.io/api/articles?offset=0&limit=10
1 > Authorization: Token eyJhbGciOiJIUzI1NiIsInR5cCI6IkpXVCJ9.eyJ1c2VyIjp7ImVtYWlsIjoia2FyYXRlQHRlc3Rjci5jb20iLCJ1c2VybmFtZSI6ImthcmF0ZUNSIn0sImlhdCI6MTcwMzE5NTQ2OSwiZXhwIjoxNzA4Mzc5NDY5fQ.hs-iGYTTdgtsZ6Ehz6HUR5YBIV3GFfc-QeEoC7P5InA
1 > Host: conduit.productionready.io
1 > Connection: Keep-Alive
1 > User-Agent: Apache-HttpClient/4.5.13 (Java/11.0.18)
1 > Accept-Encoding: gzip,deflate


16:51:07.499 [main] DEBUG com.intuit.karate - request:
2 > GET https://conduit.productionready.io/api/articles?offset=0&limit=10
2 > Authorization: Token eyJhbGciOiJIUzI1NiIsInR5cCI6IkpXVCJ9.eyJ1c2VyIjp7ImVtYWlsIjoia2FyYXRlQHRlc3Rjci5jb20iLCJ1c2VybmFtZSI6ImthcmF0ZUNSIn0sImlhdCI6MTcwMzE5NTQ2OSwiZXhwIjoxNzA4Mzc5NDY5fQ.hs-iGYTTdgtsZ6Ehz6HUR5YBIV3GFfc-QeEoC7P5InA
2 > Host: api.realworld.io
2 > Connection: Keep-Alive
2 > User-Agent: Apache-HttpClient/4.5.13 (Java/11.0.18)
2 > Accept-Encoding: gzip,deflate


16:51:08.981 [main] DEBUG com.intuit.karate - response time in milliseconds: 1480
2 < 200
2 < Date: Thu, 21 Dec 2023 21:51:11 GMT
2 < Content-Type: application/json; charset=utf-8
2 < Transfer-Encoding: chunked
2 < Connection: keep-alive
2 < Report-To: {"group":"heroku-nel","max_age":3600,"endpoints":[{"url":"https://nel.heroku.com/reports?ts=1703195470&sid=c46efe9b-d3d2-4a0c-8c76-bfafa16c5add&s=WUGLlsLn5RONcvNOv4kxdZt1U0L42uASQlSMBSzscbI%3D"}]}
2 < Reporting-Endpoints: heroku-nel=https://nel.heroku.com/reports?ts=1703195470&sid=c46efe9b-d3d2-4a0c-8c76-bfafa16c5add&s=WUGLlsLn5RONcvNOv4kxdZt1U0L42uASQlSMBSzscbI%3D
2 < Nel: {"report_to":"heroku-nel","max_age":3600,"success_fraction":0.005,"failure_fraction":0.05,"response_headers":["Via"]}
2 < X-Powered-By: Express
2 < Access-Control-Allow-Origin: *
2 < Etag: W/"fb4-Uj7J5mi3jsjLMdPeM3KLVA05DMk"
2 < Via: 1.1 vegur
2 < CF-Cache-Status: DYNAMIC
2 < Server: cloudflare
2 < CF-RAY: 8393584d7cd4d9e1-MIA
2 < alt-svc: h3=":443"; ma=86400
{"articlesCount":216,"articles":[{"tagList":[],"createdAt":"2023-08-28T21:32:31.555Z","author":{"image":"https:\/\/api.realworld.io\/images\/smiley-cyrus.jpeg","following":false,"bio":null,"username":"karateCR"},"description":"Tolos","title":"Koss","body":"Every flight begins with a fall.","favoritesCount":1,"slug":"Koss-220911","updatedAt":"2023-08-28T21:32:31.555Z","favorited":true},{"tagList":[],"createdAt":"2023-08-28T21:31:52.624Z","author":{"image":"https:\/\/api.realworld.io\/images\/smiley-cyrus.jpeg","following":false,"bio":null,"username":"karateCR"},"description":"Ny Sar","title":"Victaria Tyrell","body":"When you play a game of thrones you win or you die.","favoritesCount":0,"slug":"Victaria-Tyrell-220911","updatedAt":"2023-08-28T21:31:52.624Z","favorited":false},{"tagList":[],"createdAt":"2023-08-28T15:23:03.056Z","author":{"image":"https:\/\/api.realworld.io\/images\/smiley-cyrus.jpeg","following":false,"bio":null,"username":"karateCR"},"description":"Elyria","title":"Bedwyck","body":"Knowledge could be more valuable than gold, more deadly than a dagger.","favoritesCount":0,"slug":"Bedwyck-220911","updatedAt":"2023-08-28T15:23:03.056Z","favorited":false},{"tagList":[],"createdAt":"2023-08-28T15:20:58.518Z","author":{"image":"https:\/\/api.realworld.io\/images\/smiley-cyrus.jpeg","following":false,"bio":null,"username":"karateCR"},"description":"Oros","title":"Garizon","body":"There are no heroes...in life, the monsters win.","favoritesCount":0,"slug":"Garizon-220911","updatedAt":"2023-08-28T15:20:58.518Z","favorited":false},{"tagList":[],"createdAt":"2023-08-28T15:20:14.558Z","author":{"image":"https:\/\/api.realworld.io\/images\/smiley-cyrus.jpeg","following":false,"bio":null,"username":"karateCR"},"description":"Bhorash","title":"Marq Rankenfell","body":"Once you\u2019ve accepted your flaws, no one can use them against you.","favoritesCount":0,"slug":"Marq-Rankenfell-220911","updatedAt":"2023-08-28T15:20:14.558Z","favorited":false},{"tagList":[],"createdAt":"2023-08-28T15:11:40.254Z","author":{"image":"https:\/\/api.realworld.io\/images\/smiley-cyrus.jpeg","following":false,"bio":null,"username":"karateCR"},"description":"Oros","title":"Alyn Velaryon","body":"Some old wounds never truly heal, and bleed again at the slightest word.","favoritesCount":0,"slug":"Alyn-Velaryon-220911","updatedAt":"2023-08-28T15:11:40.254Z","favorited":false},{"tagList":[],"createdAt":"2023-08-28T15:06:17.662Z","author":{"image":"https:\/\/api.realworld.io\/images\/smiley-cyrus.jpeg","following":false,"bio":null,"username":"karateCR"},"description":"White Harbor","title":"Boy","body":"And so he spoke, and so he spoke, that Lord of Castamere, but now the rains weep o'er his hall, with no one there to hear. Yes, now the rains weep o'er his hall, and not a soul to hear.","favoritesCount":0,"slug":"Boy-220911","updatedAt":"2023-08-28T15:06:17.662Z","favorited":false},{"tagList":[],"createdAt":"2023-08-28T15:04:38.028Z","author":{"image":"https:\/\/api.realworld.io\/images\/smiley-cyrus.jpeg","following":false,"bio":null,"username":"karateCR"},"description":"Vaes Dothrak","title":"Eleanor Mooton","body":"Fear cuts deeper than swords.","favoritesCount":0,"slug":"Eleanor-Mooton-220911","updatedAt":"2023-08-28T15:04:38.028Z","favorited":false},{"tagList":[],"createdAt":"2023-08-28T14:53:37.509Z","author":{"image":"https:\/\/api.realworld.io\/images\/smiley-cyrus.jpeg","following":false,"bio":null,"username":"karateCR"},"description":"Norvos","title":"Maegor I Targaryen","body":"Things are not always as they seemed, much that may seem evil can be good.","favoritesCount":0,"slug":"Maegor-I-Targaryen-220911","updatedAt":"2023-08-28T14:53:37.509Z","favorited":false},{"tagList":[],"createdAt":"2023-08-28T14:52:29.900Z","author":{"image":"https:\/\/api.realworld.io\/images\/smiley-cyrus.jpeg","following":false,"bio":null,"username":"karateCR"},"description":"Tolos","title":"Garin","body":"The North remembers.","favoritesCount":0,"slug":"Garin-220911","updatedAt":"2023-08-28T14:52:29.900Z","favorited":false}]}
16:51:08.996 [main] ERROR com.intuit.karate - src/test/java/conduitApp/feature/home_page.feature:31
And match each response..favoritesCount == '#string'
match failed: EACH_EQUALS
  $ | match each failed at index 0 (LIST:STRING)
  [1,0,0,0,0,0,0,0,0,0]
  '#string'

    $[0] | not a string (NUMBER:STRING)
    1
    '#string'

src/test/java/conduitApp/feature/home_page.feature:31
16:51:09.738 [main] INFO  com.intuit.karate.Suite - <<fail>> feature 1 of 1 (0 remaining) src/test/java/conduitApp/feature/home_page.feature
